<?xml version="1.0" encoding="utf-8" standalone="no"?>
<!--This file represents the results of running a test suite-->
<test-results name="D:\Мои документы\Visual Studio 2008\Projects\Task - Test registration form\Task - Test registration form\bin\Debug\Task - Test registration form.dll" total="1" errors="0" failures="0" not-run="0" inconclusive="0" ignored="0" skipped="0" invalid="0" date="2012-10-15" time="10:39:08">
  <environment nunit-version="2.6.1.12208" clr-version="2.0.50727.3634" os-version="Microsoft Windows NT 5.1.2600 Service Pack 3" platform="Win32NT" cwd="D:\Мои документы\Visual Studio 2008\Projects\Task - Test registration form\Task - Test registration form\bin\Debug" machine-name="COMP-A4C17862A0" user="Admin" user-domain="COMP-A4C17862A0" />
  <culture-info current-culture="ru-RU" current-uiculture="ru-RU" />
  <test-suite type="Assembly" name="D:\Мои документы\Visual Studio 2008\Projects\Task - Test registration form\Task - Test registration form\bin\Debug\Task - Test registration form.dll" executed="True" result="Success" success="True" time="40.438" asserts="0">
    <results>
      <test-suite type="Namespace" name="Task___Test_registration_form" executed="True" result="Success" success="True" time="40.391" asserts="0">
        <results>
          <test-suite type="TestFixture" name="Class1" executed="True" result="Success" success="True" time="40.391" asserts="0">
            <results>
              <test-case name="Task___Test_registration_form.Class1._32" executed="True" result="Success" success="True" time="40.313" asserts="1" />
            </results>
          </test-suite>
        </results>
      </test-suite>
    </results>
  </test-suite>
</test-results>